#-----------------------------------------------------------
# Vivado v2017.4 (64-bit)
# SW Build 2086221 on Fri Dec 15 20:55:39 MST 2017
# IP Build 2085800 on Fri Dec 15 22:25:07 MST 2017
# Start of session at: Thu Jun  7 16:15:38 2018
# Process ID: 11432
# Current directory: C:/Users/Jonas/Documents/GitHub/LC3_Computer/LC3/LC3_Projekt
# Command line: vivado.exe -gui_launcher_event rodinguilauncherevent10472 C:\Users\Jonas\Documents\GitHub\LC3_Computer\LC3\LC3_Projekt\LC3_Projekt.xpr
# Log file: C:/Users/Jonas/Documents/GitHub/LC3_Computer/LC3/LC3_Projekt/vivado.log
# Journal file: C:/Users/Jonas/Documents/GitHub/LC3_Computer/LC3/LC3_Projekt\vivado.jou
#-----------------------------------------------------------
start_gui
open_project C:/Users/Jonas/Documents/GitHub/LC3_Computer/LC3/LC3_Projekt/LC3_Projekt.xpr
Scanning sources...
Finished scanning sources
INFO: [IP_Flow 19-234] Refreshing IP repositories
INFO: [IP_Flow 19-1704] No user IP repositories specified
INFO: [IP_Flow 19-2313] Loaded Vivado IP repository 'C:/Xilinx/Vivado/2017.4/data/ip'.
open_project: Time (s): cpu = 00:00:19 ; elapsed = 00:00:12 . Memory (MB): peak = 757.121 ; gain = 46.973
reset_run synth_1
launch_runs synth_1 -jobs 4
[Thu Jun  7 16:56:56 2018] Launched synth_1...
Run output will be captured here: C:/Users/Jonas/Documents/GitHub/LC3_Computer/LC3/LC3_Projekt/LC3_Projekt.runs/synth_1/runme.log
reset_run synth_1
launch_runs synth_1 -jobs 4
[Thu Jun  7 16:59:27 2018] Launched synth_1...
Run output will be captured here: C:/Users/Jonas/Documents/GitHub/LC3_Computer/LC3/LC3_Projekt/LC3_Projekt.runs/synth_1/runme.log
reset_run synth_1
launch_runs synth_1 -jobs 4
[Thu Jun  7 17:22:52 2018] Launched synth_1...
Run output will be captured here: C:/Users/Jonas/Documents/GitHub/LC3_Computer/LC3/LC3_Projekt/LC3_Projekt.runs/synth_1/runme.log
reset_run synth_1
launch_runs synth_1 -jobs 4
[Thu Jun  7 17:24:43 2018] Launched synth_1...
Run output will be captured here: C:/Users/Jonas/Documents/GitHub/LC3_Computer/LC3/LC3_Projekt/LC3_Projekt.runs/synth_1/runme.log
reset_run synth_1
launch_runs synth_1 -jobs 4
[Thu Jun  7 17:25:44 2018] Launched synth_1...
Run output will be captured here: C:/Users/Jonas/Documents/GitHub/LC3_Computer/LC3/LC3_Projekt/LC3_Projekt.runs/synth_1/runme.log
